<?xml version="1.0" encoding="UTF-8"?>
<!-- Generated by org.testng.reporters.JUnitReportReporter -->
<testsuite hostname="Naveen" failures="0" tests="4" name="Day1.HttpRequest" time="6.406" errors="0" timestamp="2023-02-07T20:19:15 IST" skipped="0">
  <testcase classname="Day1.HttpRequest" name="getUsers" time="3.282"/>
  <system-out/>
  <testcase classname="Day1.HttpRequest" name="createUser" time="1.413"/>
  <system-out/>
  <testcase classname="Day1.HttpRequest" name="updateUser" time="0.927"/>
  <system-out/>
  <testcase classname="Day1.HttpRequest" name="deleteUser" time="0.784"/>
  <system-out/>
</testsuite> <!-- Day1.HttpRequest -->
