<?xml version="1.0" encoding="UTF-8"?>
<!-- Generated by org.testng.reporters.JUnitReportReporter -->
<testsuite hostname="Naveen" failures="0" tests="2" name="Day4.ParsingResponse" time="1.612" errors="0" timestamp="2023-02-15T22:33:50 IST" skipped="0">
  <testcase classname="Day4.ParsingResponse" name="responseValidations" time="1.569"/>
  <system-out/>
  <testcase classname="Day4.ParsingResponse" name="testJSONData" time="0.043"/>
  <system-out/>
</testsuite> <!-- Day4.ParsingResponse -->
