<?xml version="1.0" encoding="UTF-8"?>
<!-- Generated by org.testng.reporters.JUnitReportReporter -->
<testsuite hostname="Naveen" failures="0" tests="1" name="Day3.HeadersInfo" time="2.304" errors="0" timestamp="2023-02-14T05:55:22 IST" skipped="0">
  <testcase classname="Day3.HeadersInfo" name="testHeader" time="2.304"/>
  <system-out/>
</testsuite> <!-- Day3.HeadersInfo -->
