<?xml version="1.0" encoding="UTF-8"?>
<!-- Generated by org.testng.reporters.JUnitReportReporter -->
<testsuite hostname="Naveen" failures="0" tests="1" name="Day3.PathandQueryParameter" time="3.360" errors="0" timestamp="2023-02-14T22:06:35 IST" skipped="0">
  <testcase classname="Day3.PathandQueryParameter" name="pathnQueryParam" time="3.360"/>
  <system-out/>
</testsuite> <!-- Day3.PathandQueryParameter -->
